🚀 Starting Wiggum Worker for: internlearningnetwork
📍 Project Path: /home/julien/Desktop/Free-Wiggum-opencode/projects/internlearningnetwork
⏰ Started at: Mon Mar 16 04:55:56 PM EDT 2026
⚡ Token Budget: 64000
━━━━━━━━━━━━━━━━━━━━━━━━━━━━━━━━════

📍 Iteration 48 at Mon Mar 16 04:55:56 PM EDT 2026...
🤖 OpenCode processing: Write unit tests for backend (Jest/Pytest) covering auth, post CRUD, point calculations, and skill claiming logic with 80%+ coverage
[0m
> build · stepfun/step-3.5-flash:free
[0m
I'll start by checking the tech stack and current project structure to understand what testing framework to use.
[0m→ [0mRead package.json
[0m→ [0mRead TASKS.md
[0m✱ [0mGlob "**/*.{json,toml,py,go,rs,rb,java,gradle}"[90m 12 matches[0m
This is a Node.js monorepo with Express + TypeScript. Let me examine the server's dependencies and structure to understand what testing setup exists.
[0m→ [0mRead server/package.json
[0m✱ [0mGlob "server/src/**/*.ts"[90m 21 matches[0m
[0m→ [0mRead server/package.json
[0m→ [0mRead server/src/__tests__/auth.test.ts
[0m→ [0mRead server/src/__tests__/posts.test.ts
[0m✱ [0mGlob "server/jest.config.*"[90m 1 match[0m
Good! There are already test files in place. Let me check what's already covered and what the Jest configuration looks like to understand what needs improvement to reach 80%+ coverage.
[0m→ [0mRead server/src/__tests__/skills.test.ts
[0m→ [0mRead server/src/__tests__/claims.test.ts
[0m→ [0mRead server/src/__tests__/levels.test.ts
[0m→ [0mRead server/jest.config.js
Let me read the remaining test files and the Jest config to understand the current setup.
📝 Log saved: logs/iteration-48.md
📊 Token Usage: 4250 / Session: 4250 / 64000
✅ Changes committed
To https://github.com/Julien-ser/internlearningnetwork.git
   5f39151..99bf113  main -> main
✅ Pushed to GitHub
📊 Updated Tasks: 12/16 completed, 4 remaining
   Next task: Write unit tests for backend (Jest/Pytest) covering auth, po...
📍 Iteration 49 at Mon Mar 16 04:56:35 PM EDT 2026...
✓ Progress: Git commit found
📊 Task attempt 2: Progress detected, continuing...
📚 Loading context from previous iteration attempts...
   Found context in: iteration-48.md
🤖 OpenCode processing: Write unit tests for backend (Jest/Pytest) covering auth, post CRUD, point calculations, and skill claiming logic with 80%+ coverage
[0m
> build · stepfun/step-3.5-flash:free
[0m
[0m→ [0mRead TASKS.md
[0m→ [0mRead server/package.json
[0m→ [0mRead server/jest.config.js
I need to continue from the previous iteration where we examined the test files. Let me check current test coverage and add more tests to reach 80%+ coverage.
Let me examine all test files to understand what's currently tested and identify gaps to reach 80%+ coverage.
[0m→ [0mRead server/src/__tests__/auth.test.ts
[0m→ [0mRead server/src/__tests__/posts.test.ts
[0m→ [0mRead server/src/__tests__/claims.test.ts
[0m→ [0mRead server/src/__tests__/skills.test.ts
[0m→ [0mRead server/src/__tests__/levels.test.ts
Now let me examine the source code to identify coverage gaps. I'll check all source files to see what endpoints exist.
[0m✱ [0mGlob "**/*.ts"[90m in server/src · 21 matches[0m
[0m→ [0mRead server/src/index.ts
[0m→ [0mRead server/src/skills/skills.validation.ts
[0m→ [0mRead server/src/skills/skills.controller.ts
[0m→ [0mRead server/src/posts/posts.validation.ts
[0m→ [0mRead server/src/posts/posts.controller.ts
Let me read the source files to identify untested routes and edge cases:
[0m→ [0mRead server/src/levels/levels.controller.ts
[0m→ [0mRead server/src/claims/claims.controller.ts
📝 Log saved: logs/iteration-49.md
